Classic Timing Analyzer report for D_reg
Fri Mar 12 09:55:44 2021
Quartus II Version 9.0 Build 235 06/17/2009 Service Pack 2 SJ Web Edition


---------------------
; Table of Contents ;
---------------------
  1. Legal Notice
  2. Timing Analyzer Summary
  3. Timing Analyzer Settings
  4. Clock Settings Summary
  5. Parallel Compilation
  6. tsu
  7. tco
  8. th
  9. Timing Analyzer Messages



----------------
; Legal Notice ;
----------------
Copyright (C) 1991-2009 Altera Corporation
Your use of Altera Corporation's design tools, logic functions 
and other software and tools, and its AMPP partner logic 
functions, and any output files from any of the foregoing 
(including device programming or simulation files), and any 
associated documentation or information are expressly subject 
to the terms and conditions of the Altera Program License 
Subscription Agreement, Altera MegaCore Function License 
Agreement, or other applicable license agreement, including, 
without limitation, that your use is for the sole purpose of 
programming logic devices manufactured by Altera and sold by 
Altera or its authorized distributors.  Please refer to the 
applicable agreement for further details.



+------------------------------------------------------------------------------------------------------------------------------------+
; Timing Analyzer Summary                                                                                                            ;
+------------------------------+-------+---------------+-------------+-----------+------------+------------+----------+--------------+
; Type                         ; Slack ; Required Time ; Actual Time ; From      ; To         ; From Clock ; To Clock ; Failed Paths ;
+------------------------------+-------+---------------+-------------+-----------+------------+------------+----------+--------------+
; Worst-case tsu               ; N/A   ; None          ; 4.900 ns    ; data[11]  ; y[11]~reg0 ; --         ; clk      ; 0            ;
; Worst-case tco               ; N/A   ; None          ; 10.400 ns   ; y[7]~reg0 ; y[7]       ; clk        ; --       ; 0            ;
; Worst-case th                ; N/A   ; None          ; -0.600 ns   ; data[0]   ; y[0]~reg0  ; --         ; clk      ; 0            ;
; Total number of failed paths ;       ;               ;             ;           ;            ;            ;          ; 0            ;
+------------------------------+-------+---------------+-------------+-----------+------------+------------+----------+--------------+


+--------------------------------------------------------------------------------------------------------------------+
; Timing Analyzer Settings                                                                                           ;
+---------------------------------------------------------------------+--------------------+------+----+-------------+
; Option                                                              ; Setting            ; From ; To ; Entity Name ;
+---------------------------------------------------------------------+--------------------+------+----+-------------+
; Device Name                                                         ; EPF10K50SQC240-3   ;      ;    ;             ;
; Timing Models                                                       ; Final              ;      ;    ;             ;
; Default hold multicycle                                             ; Same as Multicycle ;      ;    ;             ;
; Cut paths between unrelated clock domains                           ; On                 ;      ;    ;             ;
; Cut off read during write signal paths                              ; On                 ;      ;    ;             ;
; Cut off feedback from I/O pins                                      ; On                 ;      ;    ;             ;
; Report Combined Fast/Slow Timing                                    ; Off                ;      ;    ;             ;
; Ignore Clock Settings                                               ; Off                ;      ;    ;             ;
; Analyze latches as synchronous elements                             ; On                 ;      ;    ;             ;
; Enable Recovery/Removal analysis                                    ; Off                ;      ;    ;             ;
; Enable Clock Latency                                                ; Off                ;      ;    ;             ;
; Use TimeQuest Timing Analyzer                                       ; Off                ;      ;    ;             ;
; Minimum Core Junction Temperature                                   ; 0                  ;      ;    ;             ;
; Maximum Core Junction Temperature                                   ; 85                 ;      ;    ;             ;
; Number of source nodes to report per destination node               ; 10                 ;      ;    ;             ;
; Number of destination nodes to report                               ; 10                 ;      ;    ;             ;
; Number of paths to report                                           ; 200                ;      ;    ;             ;
; Report Minimum Timing Checks                                        ; Off                ;      ;    ;             ;
; Use Fast Timing Models                                              ; Off                ;      ;    ;             ;
; Report IO Paths Separately                                          ; Off                ;      ;    ;             ;
; Perform Multicorner Analysis                                        ; Off                ;      ;    ;             ;
; Reports the worst-case path for each clock domain and analysis      ; Off                ;      ;    ;             ;
; Removes common clock path pessimism (CCPP) during slack computation ; Off                ;      ;    ;             ;
; Output I/O Timing Endpoint                                          ; Near End           ;      ;    ;             ;
+---------------------------------------------------------------------+--------------------+------+----+-------------+


+------------------------------------------------------------------------------------------------------------------------------------------------------------------------------------+
; Clock Settings Summary                                                                                                                                                             ;
+-----------------+--------------------+----------+------------------+---------------+--------------+----------+-----------------------+---------------------+--------+--------------+
; Clock Node Name ; Clock Setting Name ; Type     ; Fmax Requirement ; Early Latency ; Late Latency ; Based on ; Multiply Base Fmax by ; Divide Base Fmax by ; Offset ; Phase offset ;
+-----------------+--------------------+----------+------------------+---------------+--------------+----------+-----------------------+---------------------+--------+--------------+
; clk             ;                    ; User Pin ; None             ; 0.000 ns      ; 0.000 ns     ; --       ; N/A                   ; N/A                 ; N/A    ;              ;
+-----------------+--------------------+----------+------------------+---------------+--------------+----------+-----------------------+---------------------+--------+--------------+


Parallel compilation was disabled, but you have multiple processors available. Enable parallel compilation to reduce compilation time.
+-------------------------------------+
; Parallel Compilation                ;
+----------------------------+--------+
; Processors                 ; Number ;
+----------------------------+--------+
; Number detected on machine ; 4      ;
; Maximum allowed            ; 1      ;
+----------------------------+--------+


+----------------------------------------------------------------------+
; tsu                                                                  ;
+-------+--------------+------------+----------+------------+----------+
; Slack ; Required tsu ; Actual tsu ; From     ; To         ; To Clock ;
+-------+--------------+------------+----------+------------+----------+
; N/A   ; None         ; 4.900 ns   ; data[25] ; y[25]~reg0 ; clk      ;
; N/A   ; None         ; 4.900 ns   ; data[23] ; y[23]~reg0 ; clk      ;
; N/A   ; None         ; 4.900 ns   ; data[20] ; y[20]~reg0 ; clk      ;
; N/A   ; None         ; 4.900 ns   ; data[15] ; y[15]~reg0 ; clk      ;
; N/A   ; None         ; 4.900 ns   ; data[11] ; y[11]~reg0 ; clk      ;
; N/A   ; None         ; 4.800 ns   ; data[30] ; y[30]~reg0 ; clk      ;
; N/A   ; None         ; 4.800 ns   ; data[18] ; y[18]~reg0 ; clk      ;
; N/A   ; None         ; 4.800 ns   ; data[6]  ; y[6]~reg0  ; clk      ;
; N/A   ; None         ; 4.800 ns   ; data[4]  ; y[4]~reg0  ; clk      ;
; N/A   ; None         ; 4.700 ns   ; data[22] ; y[22]~reg0 ; clk      ;
; N/A   ; None         ; 4.700 ns   ; data[17] ; y[17]~reg0 ; clk      ;
; N/A   ; None         ; 4.700 ns   ; data[5]  ; y[5]~reg0  ; clk      ;
; N/A   ; None         ; 4.200 ns   ; data[31] ; y[31]~reg0 ; clk      ;
; N/A   ; None         ; 4.200 ns   ; data[27] ; y[27]~reg0 ; clk      ;
; N/A   ; None         ; 4.200 ns   ; data[19] ; y[19]~reg0 ; clk      ;
; N/A   ; None         ; 4.100 ns   ; data[24] ; y[24]~reg0 ; clk      ;
; N/A   ; None         ; 4.100 ns   ; data[7]  ; y[7]~reg0  ; clk      ;
; N/A   ; None         ; 4.000 ns   ; data[13] ; y[13]~reg0 ; clk      ;
; N/A   ; None         ; 3.900 ns   ; data[29] ; y[29]~reg0 ; clk      ;
; N/A   ; None         ; 3.900 ns   ; data[26] ; y[26]~reg0 ; clk      ;
; N/A   ; None         ; 3.800 ns   ; data[16] ; y[16]~reg0 ; clk      ;
; N/A   ; None         ; 3.800 ns   ; data[12] ; y[12]~reg0 ; clk      ;
; N/A   ; None         ; 3.800 ns   ; data[9]  ; y[9]~reg0  ; clk      ;
; N/A   ; None         ; 3.700 ns   ; data[28] ; y[28]~reg0 ; clk      ;
; N/A   ; None         ; 3.700 ns   ; data[21] ; y[21]~reg0 ; clk      ;
; N/A   ; None         ; 3.700 ns   ; data[14] ; y[14]~reg0 ; clk      ;
; N/A   ; None         ; 3.700 ns   ; data[10] ; y[10]~reg0 ; clk      ;
; N/A   ; None         ; 3.700 ns   ; data[8]  ; y[8]~reg0  ; clk      ;
; N/A   ; None         ; 2.100 ns   ; data[3]  ; y[3]~reg0  ; clk      ;
; N/A   ; None         ; 2.100 ns   ; data[2]  ; y[2]~reg0  ; clk      ;
; N/A   ; None         ; 2.100 ns   ; data[1]  ; y[1]~reg0  ; clk      ;
; N/A   ; None         ; 2.100 ns   ; data[0]  ; y[0]~reg0  ; clk      ;
+-------+--------------+------------+----------+------------+----------+


+---------------------------------------------------------------------+
; tco                                                                 ;
+-------+--------------+------------+------------+-------+------------+
; Slack ; Required tco ; Actual tco ; From       ; To    ; From Clock ;
+-------+--------------+------------+------------+-------+------------+
; N/A   ; None         ; 10.400 ns  ; y[7]~reg0  ; y[7]  ; clk        ;
; N/A   ; None         ; 10.100 ns  ; y[31]~reg0 ; y[31] ; clk        ;
; N/A   ; None         ; 10.100 ns  ; y[27]~reg0 ; y[27] ; clk        ;
; N/A   ; None         ; 10.100 ns  ; y[24]~reg0 ; y[24] ; clk        ;
; N/A   ; None         ; 10.100 ns  ; y[22]~reg0 ; y[22] ; clk        ;
; N/A   ; None         ; 10.100 ns  ; y[19]~reg0 ; y[19] ; clk        ;
; N/A   ; None         ; 10.100 ns  ; y[6]~reg0  ; y[6]  ; clk        ;
; N/A   ; None         ; 10.100 ns  ; y[3]~reg0  ; y[3]  ; clk        ;
; N/A   ; None         ; 10.100 ns  ; y[2]~reg0  ; y[2]  ; clk        ;
; N/A   ; None         ; 10.100 ns  ; y[1]~reg0  ; y[1]  ; clk        ;
; N/A   ; None         ; 10.000 ns  ; y[30]~reg0 ; y[30] ; clk        ;
; N/A   ; None         ; 10.000 ns  ; y[29]~reg0 ; y[29] ; clk        ;
; N/A   ; None         ; 10.000 ns  ; y[17]~reg0 ; y[17] ; clk        ;
; N/A   ; None         ; 10.000 ns  ; y[13]~reg0 ; y[13] ; clk        ;
; N/A   ; None         ; 9.900 ns   ; y[28]~reg0 ; y[28] ; clk        ;
; N/A   ; None         ; 9.900 ns   ; y[25]~reg0 ; y[25] ; clk        ;
; N/A   ; None         ; 9.900 ns   ; y[23]~reg0 ; y[23] ; clk        ;
; N/A   ; None         ; 9.900 ns   ; y[18]~reg0 ; y[18] ; clk        ;
; N/A   ; None         ; 9.900 ns   ; y[15]~reg0 ; y[15] ; clk        ;
; N/A   ; None         ; 9.900 ns   ; y[14]~reg0 ; y[14] ; clk        ;
; N/A   ; None         ; 9.900 ns   ; y[12]~reg0 ; y[12] ; clk        ;
; N/A   ; None         ; 9.900 ns   ; y[11]~reg0 ; y[11] ; clk        ;
; N/A   ; None         ; 9.900 ns   ; y[10]~reg0 ; y[10] ; clk        ;
; N/A   ; None         ; 9.900 ns   ; y[9]~reg0  ; y[9]  ; clk        ;
; N/A   ; None         ; 9.900 ns   ; y[8]~reg0  ; y[8]  ; clk        ;
; N/A   ; None         ; 9.900 ns   ; y[5]~reg0  ; y[5]  ; clk        ;
; N/A   ; None         ; 9.800 ns   ; y[26]~reg0 ; y[26] ; clk        ;
; N/A   ; None         ; 9.700 ns   ; y[21]~reg0 ; y[21] ; clk        ;
; N/A   ; None         ; 9.700 ns   ; y[20]~reg0 ; y[20] ; clk        ;
; N/A   ; None         ; 9.700 ns   ; y[16]~reg0 ; y[16] ; clk        ;
; N/A   ; None         ; 9.700 ns   ; y[4]~reg0  ; y[4]  ; clk        ;
; N/A   ; None         ; 9.700 ns   ; y[0]~reg0  ; y[0]  ; clk        ;
+-------+--------------+------------+------------+-------+------------+


+----------------------------------------------------------------------------+
; th                                                                         ;
+---------------+-------------+-----------+----------+------------+----------+
; Minimum Slack ; Required th ; Actual th ; From     ; To         ; To Clock ;
+---------------+-------------+-----------+----------+------------+----------+
; N/A           ; None        ; -0.600 ns ; data[3]  ; y[3]~reg0  ; clk      ;
; N/A           ; None        ; -0.600 ns ; data[2]  ; y[2]~reg0  ; clk      ;
; N/A           ; None        ; -0.600 ns ; data[1]  ; y[1]~reg0  ; clk      ;
; N/A           ; None        ; -0.600 ns ; data[0]  ; y[0]~reg0  ; clk      ;
; N/A           ; None        ; -2.200 ns ; data[28] ; y[28]~reg0 ; clk      ;
; N/A           ; None        ; -2.200 ns ; data[21] ; y[21]~reg0 ; clk      ;
; N/A           ; None        ; -2.200 ns ; data[14] ; y[14]~reg0 ; clk      ;
; N/A           ; None        ; -2.200 ns ; data[10] ; y[10]~reg0 ; clk      ;
; N/A           ; None        ; -2.200 ns ; data[8]  ; y[8]~reg0  ; clk      ;
; N/A           ; None        ; -2.300 ns ; data[16] ; y[16]~reg0 ; clk      ;
; N/A           ; None        ; -2.300 ns ; data[12] ; y[12]~reg0 ; clk      ;
; N/A           ; None        ; -2.300 ns ; data[9]  ; y[9]~reg0  ; clk      ;
; N/A           ; None        ; -2.400 ns ; data[29] ; y[29]~reg0 ; clk      ;
; N/A           ; None        ; -2.400 ns ; data[26] ; y[26]~reg0 ; clk      ;
; N/A           ; None        ; -2.500 ns ; data[13] ; y[13]~reg0 ; clk      ;
; N/A           ; None        ; -2.600 ns ; data[24] ; y[24]~reg0 ; clk      ;
; N/A           ; None        ; -2.600 ns ; data[7]  ; y[7]~reg0  ; clk      ;
; N/A           ; None        ; -2.700 ns ; data[31] ; y[31]~reg0 ; clk      ;
; N/A           ; None        ; -2.700 ns ; data[27] ; y[27]~reg0 ; clk      ;
; N/A           ; None        ; -2.700 ns ; data[19] ; y[19]~reg0 ; clk      ;
; N/A           ; None        ; -3.200 ns ; data[22] ; y[22]~reg0 ; clk      ;
; N/A           ; None        ; -3.200 ns ; data[17] ; y[17]~reg0 ; clk      ;
; N/A           ; None        ; -3.200 ns ; data[5]  ; y[5]~reg0  ; clk      ;
; N/A           ; None        ; -3.300 ns ; data[30] ; y[30]~reg0 ; clk      ;
; N/A           ; None        ; -3.300 ns ; data[18] ; y[18]~reg0 ; clk      ;
; N/A           ; None        ; -3.300 ns ; data[6]  ; y[6]~reg0  ; clk      ;
; N/A           ; None        ; -3.300 ns ; data[4]  ; y[4]~reg0  ; clk      ;
; N/A           ; None        ; -3.400 ns ; data[25] ; y[25]~reg0 ; clk      ;
; N/A           ; None        ; -3.400 ns ; data[23] ; y[23]~reg0 ; clk      ;
; N/A           ; None        ; -3.400 ns ; data[20] ; y[20]~reg0 ; clk      ;
; N/A           ; None        ; -3.400 ns ; data[15] ; y[15]~reg0 ; clk      ;
; N/A           ; None        ; -3.400 ns ; data[11] ; y[11]~reg0 ; clk      ;
+---------------+-------------+-----------+----------+------------+----------+


+--------------------------+
; Timing Analyzer Messages ;
+--------------------------+
Info: *******************************************************************
Info: Running Quartus II Classic Timing Analyzer
    Info: Version 9.0 Build 235 06/17/2009 Service Pack 2 SJ Web Edition
    Info: Processing started: Fri Mar 12 09:55:43 2021
Info: Command: quartus_tan --read_settings_files=off --write_settings_files=off D_reg -c D_reg
Info: Started post-fitting delay annotation
Info: Delay annotation completed successfully
Warning: Found pins functioning as undefined clocks and/or memory enables
    Info: Assuming node "clk" is an undefined clock
Info: No valid register-to-register data paths exist for clock "clk"
Info: tsu for register "y[25]~reg0" (data pin = "data[25]", clock pin = "clk") is 4.900 ns
    Info: + Longest pin to register delay is 7.700 ns
        Info: 1: + IC(0.000 ns) + CELL(3.000 ns) = 3.000 ns; Loc. = PIN_146; Fanout = 1; PIN Node = 'data[25]'
        Info: 2: + IC(3.800 ns) + CELL(0.900 ns) = 7.700 ns; Loc. = LC6_F34; Fanout = 1; REG Node = 'y[25]~reg0'
        Info: Total cell delay = 3.900 ns ( 50.65 % )
        Info: Total interconnect delay = 3.800 ns ( 49.35 % )
    Info: + Micro setup delay of destination is 0.700 ns
    Info: - Shortest clock path from clock "clk" to destination register is 3.500 ns
        Info: 1: + IC(0.000 ns) + CELL(2.200 ns) = 2.200 ns; Loc. = PIN_91; Fanout = 32; CLK Node = 'clk'
        Info: 2: + IC(1.300 ns) + CELL(0.000 ns) = 3.500 ns; Loc. = LC6_F34; Fanout = 1; REG Node = 'y[25]~reg0'
        Info: Total cell delay = 2.200 ns ( 62.86 % )
        Info: Total interconnect delay = 1.300 ns ( 37.14 % )
Info: tco from clock "clk" to destination pin "y[7]" through register "y[7]~reg0" is 10.400 ns
    Info: + Longest clock path from clock "clk" to source register is 3.500 ns
        Info: 1: + IC(0.000 ns) + CELL(2.200 ns) = 2.200 ns; Loc. = PIN_91; Fanout = 32; CLK Node = 'clk'
        Info: 2: + IC(1.300 ns) + CELL(0.000 ns) = 3.500 ns; Loc. = LC1_D22; Fanout = 1; REG Node = 'y[7]~reg0'
        Info: Total cell delay = 2.200 ns ( 62.86 % )
        Info: Total interconnect delay = 1.300 ns ( 37.14 % )
    Info: + Micro clock to output delay of source is 0.700 ns
    Info: + Longest register to pin delay is 6.200 ns
        Info: 1: + IC(0.000 ns) + CELL(0.000 ns) = 0.000 ns; Loc. = LC1_D22; Fanout = 1; REG Node = 'y[7]~reg0'
        Info: 2: + IC(1.300 ns) + CELL(4.900 ns) = 6.200 ns; Loc. = PIN_82; Fanout = 0; PIN Node = 'y[7]'
        Info: Total cell delay = 4.900 ns ( 79.03 % )
        Info: Total interconnect delay = 1.300 ns ( 20.97 % )
Info: th for register "y[3]~reg0" (data pin = "data[3]", clock pin = "clk") is -0.600 ns
    Info: + Longest clock path from clock "clk" to destination register is 3.500 ns
        Info: 1: + IC(0.000 ns) + CELL(2.200 ns) = 2.200 ns; Loc. = PIN_91; Fanout = 32; CLK Node = 'clk'
        Info: 2: + IC(1.300 ns) + CELL(0.000 ns) = 3.500 ns; Loc. = LC5_B23; Fanout = 1; REG Node = 'y[3]~reg0'
        Info: Total cell delay = 2.200 ns ( 62.86 % )
        Info: Total interconnect delay = 1.300 ns ( 37.14 % )
    Info: + Micro hold delay of destination is 0.800 ns
    Info: - Shortest pin to register delay is 4.900 ns
        Info: 1: + IC(0.000 ns) + CELL(2.200 ns) = 2.200 ns; Loc. = PIN_211; Fanout = 1; PIN Node = 'data[3]'
        Info: 2: + IC(1.800 ns) + CELL(0.900 ns) = 4.900 ns; Loc. = LC5_B23; Fanout = 1; REG Node = 'y[3]~reg0'
        Info: Total cell delay = 3.100 ns ( 63.27 % )
        Info: Total interconnect delay = 1.800 ns ( 36.73 % )
Info: Quartus II Classic Timing Analyzer was successful. 0 errors, 1 warning
    Info: Peak virtual memory: 199 megabytes
    Info: Processing ended: Fri Mar 12 09:55:44 2021
    Info: Elapsed time: 00:00:01
    Info: Total CPU time (on all processors): 00:00:00


